0 info it worked if it ends with ok
1 verbose cli [ 'node', '/usr/local/bin/npm', 'install', 'uuid' ]
2 info using npm@1.4.28
3 info using node@v0.10.33
4 warn package.json microservices@1.0.0 No description
5 warn package.json microservices@1.0.0 No repository field.
6 warn package.json microservices@1.0.0 No README data
7 verbose readDependencies using package.json deps
8 verbose cache add [ 'uuid', null ]
9 verbose cache add name=undefined spec="uuid" args=["uuid",null]
10 verbose parsed url { protocol: null,
10 verbose parsed url   slashes: null,
10 verbose parsed url   auth: null,
10 verbose parsed url   host: null,
10 verbose parsed url   port: null,
10 verbose parsed url   hostname: null,
10 verbose parsed url   hash: null,
10 verbose parsed url   search: null,
10 verbose parsed url   query: null,
10 verbose parsed url   pathname: 'uuid',
10 verbose parsed url   path: 'uuid',
10 verbose parsed url   href: 'uuid' }
11 silly lockFile 48e3462c-uuid uuid
12 verbose lock uuid /Users/braiden.judd/.npm/48e3462c-uuid.lock
13 silly lockFile 48e3462c-uuid uuid
14 silly lockFile 48e3462c-uuid uuid
15 verbose addNamed [ 'uuid', '' ]
16 verbose addNamed [ null, '*' ]
17 silly lockFile eae42566-uuid uuid@
18 verbose lock uuid@ /Users/braiden.judd/.npm/eae42566-uuid.lock
19 silly addNameRange { name: 'uuid', range: '*', hasData: false }
20 verbose request where is /uuid
21 verbose request registry https://registry.npmjs.org/
22 verbose request id 81cd9b3e4be651d6
23 verbose url raw /uuid
24 verbose url resolving [ 'https://registry.npmjs.org/', './uuid' ]
25 verbose url resolved https://registry.npmjs.org/uuid
26 verbose request where is https://registry.npmjs.org/uuid
27 info trying registry request attempt 1 at 11:03:39
28 verbose etag "4VH7ETRP3WAUDWOJO3Q0QI90T"
29 http GET https://registry.npmjs.org/uuid
30 http 200 https://registry.npmjs.org/uuid
31 silly registry.get cb [ 200,
31 silly registry.get   { date: 'Tue, 02 Dec 2014 00:03:39 GMT',
31 silly registry.get     server: 'CouchDB/1.5.0 (Erlang OTP/R16B03)',
31 silly registry.get     etag: '"4YXDNG9N5FP5M61A8OF3FIU7"',
31 silly registry.get     'content-type': 'application/json',
31 silly registry.get     'cache-control': 'max-age=60',
31 silly registry.get     'content-length': '16388',
31 silly registry.get     'accept-ranges': 'bytes',
31 silly registry.get     via: '1.1 varnish',
31 silly registry.get     age: '15',
31 silly registry.get     'x-served-by': 'cache-syd1623-SYD',
31 silly registry.get     'x-cache': 'HIT',
31 silly registry.get     'x-cache-hits': '3',
31 silly registry.get     'x-timer': 'S1417478619.134310,VS0,VE0',
31 silly registry.get     vary: 'Accept',
31 silly registry.get     'keep-alive': 'timeout=10, max=50',
31 silly registry.get     connection: 'Keep-Alive' } ]
32 silly addNameRange number 2 { name: 'uuid', range: '*', hasData: true }
33 silly addNameRange versions [ 'uuid',
33 silly addNameRange   [ '0.0.1', '0.0.2', '1.4.0', '1.4.1', '1.4.2', '2.0.0', '2.0.1' ] ]
34 verbose addNamed [ 'uuid', '2.0.1' ]
35 verbose addNamed [ '2.0.1', '2.0.1' ]
36 silly lockFile 07c25d2d-uuid-2-0-1 uuid@2.0.1
37 verbose lock uuid@2.0.1 /Users/braiden.judd/.npm/07c25d2d-uuid-2-0-1.lock
38 silly lockFile fe62815f-ry-npmjs-org-uuid-uuid-2-0-1-tgz https://registry.npmjs.org/uuid/-/uuid-2.0.1.tgz
39 verbose lock https://registry.npmjs.org/uuid/-/uuid-2.0.1.tgz /Users/braiden.judd/.npm/fe62815f-ry-npmjs-org-uuid-uuid-2-0-1-tgz.lock
40 verbose addRemoteTarball [ 'https://registry.npmjs.org/uuid/-/uuid-2.0.1.tgz',
40 verbose addRemoteTarball   'c2a30dedb3e535d72ccf82e343941a50ba8533ac' ]
41 info retry fetch attempt 1 at 11:03:40
42 verbose fetch to= /var/folders/rt/zf_62w395ns4zwmpqh0jwq7d3bxs8r/T/npm-51561-VObMvCLO/registry.npmjs.org/uuid/-/uuid-2.0.1.tgz
43 http GET https://registry.npmjs.org/uuid/-/uuid-2.0.1.tgz
44 http 200 https://registry.npmjs.org/uuid/-/uuid-2.0.1.tgz
45 silly lockFile fe62815f-ry-npmjs-org-uuid-uuid-2-0-1-tgz https://registry.npmjs.org/uuid/-/uuid-2.0.1.tgz
46 silly lockFile fe62815f-ry-npmjs-org-uuid-uuid-2-0-1-tgz https://registry.npmjs.org/uuid/-/uuid-2.0.1.tgz
47 silly lockFile 07c25d2d-uuid-2-0-1 uuid@2.0.1
48 silly lockFile 07c25d2d-uuid-2-0-1 uuid@2.0.1
49 silly lockFile eae42566-uuid uuid@
50 silly lockFile eae42566-uuid uuid@
51 error Error: EACCES, mkdir '/Users/braiden.judd/.npm/uuid/2.0.1'
51 error  { [Error: EACCES, mkdir '/Users/braiden.judd/.npm/uuid/2.0.1']
51 error   errno: 3,
51 error   code: 'EACCES',
51 error   path: '/Users/braiden.judd/.npm/uuid/2.0.1',
51 error   parent: 'microservices' }
52 error Please try running this command again as root/Administrator.
53 error System Darwin 14.0.0
54 error command "node" "/usr/local/bin/npm" "install" "uuid"
55 error cwd /Users/braiden.judd/Dev/microservices
56 error node -v v0.10.33
57 error npm -v 1.4.28
58 error path /Users/braiden.judd/.npm/uuid/2.0.1
59 error code EACCES
60 error errno 3
61 error stack Error: EACCES, mkdir '/Users/braiden.judd/.npm/uuid/2.0.1'
62 verbose exit [ 3, true ]
